Jun 28, 2023 3:18:11 PM org.jenkinsci.remoting.engine.WorkDirManager initializeWorkDir
INFO: Using /tmp/remoting as a remoting work directory
Jun 28, 2023 3:18:11 PM org.jenkinsci.remoting.engine.WorkDirManager setupLogging
INFO: Both error and output logs will be printed to /tmp/remoting
Jun 28, 2023 3:18:11 PM hudson.remoting.jnlp.Main createEngine
INFO: Setting up agent: local
Jun 28, 2023 3:18:11 PM hudson.remoting.Engine startEngine
INFO: Using Remoting version: 3131.vf2b_b_798b_ce99
Jun 28, 2023 3:18:11 PM org.jenkinsci.remoting.engine.WorkDirManager initializeWorkDir
INFO: Using /tmp/remoting as a remoting work directory
Jun 28, 2023 3:18:11 PM hudson.remoting.jnlp.Main$CuiListener status
INFO: Locating server among [http://localhost:8080/]
Jun 28, 2023 3:18:11 PM org.jenkinsci.remoting.engine.JnlpAgentEndpointResolver resolve
INFO: Remoting server accepts the following protocols: [JNLP4-connect, Ping]
Jun 28, 2023 3:18:11 PM hudson.remoting.jnlp.Main$CuiListener status
INFO: Agent discovery successful
  Agent address: localhost
  Agent port:    50000
  Identity:      bd:bd:22:bb:b4:23:18:f0:8b:83:a3:39:2b:73:8d:46
Jun 28, 2023 3:18:11 PM hudson.remoting.jnlp.Main$CuiListener status
INFO: Handshaking
Jun 28, 2023 3:18:11 PM hudson.remoting.jnlp.Main$CuiListener status
INFO: Connecting to localhost:50000
Jun 28, 2023 3:18:11 PM hudson.remoting.jnlp.Main$CuiListener status
INFO: Trying protocol: JNLP4-connect
Jun 28, 2023 3:18:11 PM org.jenkinsci.remoting.protocol.impl.BIONetworkLayer$Reader run
INFO: Waiting for ProtocolStack to start.
Jun 28, 2023 3:18:12 PM hudson.remoting.jnlp.Main$CuiListener status
INFO: Remote identity confirmed: bd:bd:22:bb:b4:23:18:f0:8b:83:a3:39:2b:73:8d:46
Jun 28, 2023 3:18:12 PM org.jenkinsci.remoting.protocol.impl.ConnectionHeadersFilterLayer onRecv
INFO: [JNLP4-connect connection to localhost/127.0.0.1:50000] Local headers refused by remote: local is already connected to this controller. Rejecting this connection.
Jun 28, 2023 3:18:12 PM hudson.remoting.jnlp.Main$CuiListener status
INFO: Protocol JNLP4-connect encountered an unexpected exception
java.util.concurrent.ExecutionException: org.jenkinsci.remoting.protocol.impl.ConnectionRefusalException: local is already connected to this controller. Rejecting this connection.
	at org.jenkinsci.remoting.util.SettableFuture.get(SettableFuture.java:223)
	at hudson.remoting.Engine.innerRun(Engine.java:814)
	at hudson.remoting.Engine.run(Engine.java:543)
Caused by: org.jenkinsci.remoting.protocol.impl.ConnectionRefusalException: local is already connected to this controller. Rejecting this connection.
	at org.jenkinsci.remoting.protocol.impl.ConnectionHeadersFilterLayer.newAbortCause(ConnectionHeadersFilterLayer.java:380)
	at org.jenkinsci.remoting.protocol.impl.ConnectionHeadersFilterLayer.onRecvClosed(ConnectionHeadersFilterLayer.java:435)
	at org.jenkinsci.remoting.protocol.ProtocolStack$Ptr.onRecvClosed(ProtocolStack.java:825)
	at org.jenkinsci.remoting.protocol.FilterLayer.onRecvClosed(FilterLayer.java:289)
	at org.jenkinsci.remoting.protocol.impl.SSLEngineFilterLayer.onRecvClosed(SSLEngineFilterLayer.java:168)
	at org.jenkinsci.remoting.protocol.ProtocolStack$Ptr.onRecvClosed(ProtocolStack.java:825)
	at org.jenkinsci.remoting.protocol.NetworkLayer.onRecvClosed(NetworkLayer.java:155)
	at org.jenkinsci.remoting.protocol.impl.BIONetworkLayer.access$700(BIONetworkLayer.java:51)
	at org.jenkinsci.remoting.protocol.impl.BIONetworkLayer$Reader.run(BIONetworkLayer.java:257)
	at java.base/java.util.concurrent.ThreadPoolExecutor.runWorker(ThreadPoolExecutor.java:1128)
	at java.base/java.util.concurrent.ThreadPoolExecutor$Worker.run(ThreadPoolExecutor.java:628)
	at hudson.remoting.Engine$1.lambda$newThread$0(Engine.java:125)
	at java.base/java.lang.Thread.run(Thread.java:834)
	Suppressed: java.nio.channels.ClosedChannelException
		... 7 more

Jun 28, 2023 3:18:12 PM hudson.remoting.jnlp.Main$CuiListener status
INFO: reconnect rejected, sleeping 10s: 
java.lang.Exception: The server rejected the connection: None of the protocols were accepted
	at hudson.remoting.Engine.onConnectionRejected(Engine.java:893)
	at hudson.remoting.Engine.innerRun(Engine.java:840)
	at hudson.remoting.Engine.run(Engine.java:543)

Jun 28, 2023 3:18:22 PM hudson.remoting.jnlp.Main$CuiListener status
INFO: Locating server among [http://localhost:8080/]
Jun 28, 2023 3:18:22 PM org.jenkinsci.remoting.engine.JnlpAgentEndpointResolver resolve
INFO: Remoting server accepts the following protocols: [JNLP4-connect, Ping]
Jun 28, 2023 3:18:22 PM hudson.remoting.jnlp.Main$CuiListener status
INFO: Agent discovery successful
  Agent address: localhost
  Agent port:    50000
  Identity:      bd:bd:22:bb:b4:23:18:f0:8b:83:a3:39:2b:73:8d:46
Jun 28, 2023 3:18:22 PM hudson.remoting.jnlp.Main$CuiListener status
INFO: Handshaking
Jun 28, 2023 3:18:22 PM hudson.remoting.jnlp.Main$CuiListener status
INFO: Connecting to localhost:50000
Jun 28, 2023 3:18:22 PM hudson.remoting.jnlp.Main$CuiListener status
INFO: Trying protocol: JNLP4-connect
Jun 28, 2023 3:18:22 PM org.jenkinsci.remoting.protocol.impl.BIONetworkLayer$Reader run
INFO: Waiting for ProtocolStack to start.
Jun 28, 2023 3:18:22 PM hudson.remoting.jnlp.Main$CuiListener status
INFO: Remote identity confirmed: bd:bd:22:bb:b4:23:18:f0:8b:83:a3:39:2b:73:8d:46
Jun 28, 2023 3:18:22 PM org.jenkinsci.remoting.protocol.impl.ConnectionHeadersFilterLayer onRecv
INFO: [JNLP4-connect connection to localhost/127.0.0.1:50000] Local headers refused by remote: local is already connected to this controller. Rejecting this connection.
Jun 28, 2023 3:18:22 PM hudson.remoting.jnlp.Main$CuiListener status
INFO: Protocol JNLP4-connect encountered an unexpected exception
java.util.concurrent.ExecutionException: org.jenkinsci.remoting.protocol.impl.ConnectionRefusalException: local is already connected to this controller. Rejecting this connection.
	at org.jenkinsci.remoting.util.SettableFuture.get(SettableFuture.java:223)
	at hudson.remoting.Engine.innerRun(Engine.java:814)
	at hudson.remoting.Engine.run(Engine.java:543)
Caused by: org.jenkinsci.remoting.protocol.impl.ConnectionRefusalException: local is already connected to this controller. Rejecting this connection.
	at org.jenkinsci.remoting.protocol.impl.ConnectionHeadersFilterLayer.newAbortCause(ConnectionHeadersFilterLayer.java:380)
	at org.jenkinsci.remoting.protocol.impl.ConnectionHeadersFilterLayer.onRecvClosed(ConnectionHeadersFilterLayer.java:435)
	at org.jenkinsci.remoting.protocol.ProtocolStack$Ptr.onRecvClosed(ProtocolStack.java:825)
	at org.jenkinsci.remoting.protocol.FilterLayer.onRecvClosed(FilterLayer.java:289)
	at org.jenkinsci.remoting.protocol.impl.SSLEngineFilterLayer.onRecvClosed(SSLEngineFilterLayer.java:168)
	at org.jenkinsci.remoting.protocol.ProtocolStack$Ptr.onRecvClosed(ProtocolStack.java:825)
	at org.jenkinsci.remoting.protocol.NetworkLayer.onRecvClosed(NetworkLayer.java:155)
	at org.jenkinsci.remoting.protocol.impl.BIONetworkLayer.access$700(BIONetworkLayer.java:51)
	at org.jenkinsci.remoting.protocol.impl.BIONetworkLayer$Reader.run(BIONetworkLayer.java:257)
	at java.base/java.util.concurrent.ThreadPoolExecutor.runWorker(ThreadPoolExecutor.java:1128)
	at java.base/java.util.concurrent.ThreadPoolExecutor$Worker.run(ThreadPoolExecutor.java:628)
	at hudson.remoting.Engine$1.lambda$newThread$0(Engine.java:125)
	at java.base/java.lang.Thread.run(Thread.java:834)
	Suppressed: java.nio.channels.ClosedChannelException
		... 7 more

Jun 28, 2023 3:18:22 PM hudson.remoting.jnlp.Main$CuiListener status
INFO: reconnect rejected, sleeping 10s: 
java.lang.Exception: The server rejected the connection: None of the protocols were accepted
	at hudson.remoting.Engine.onConnectionRejected(Engine.java:893)
	at hudson.remoting.Engine.innerRun(Engine.java:840)
	at hudson.remoting.Engine.run(Engine.java:543)

Jun 28, 2023 3:18:32 PM hudson.remoting.jnlp.Main$CuiListener status
INFO: Locating server among [http://localhost:8080/]
Jun 28, 2023 3:18:32 PM org.jenkinsci.remoting.engine.JnlpAgentEndpointResolver resolve
INFO: Remoting server accepts the following protocols: [JNLP4-connect, Ping]
Jun 28, 2023 3:18:32 PM hudson.remoting.jnlp.Main$CuiListener status
INFO: Agent discovery successful
  Agent address: localhost
  Agent port:    50000
  Identity:      bd:bd:22:bb:b4:23:18:f0:8b:83:a3:39:2b:73:8d:46
Jun 28, 2023 3:18:32 PM hudson.remoting.jnlp.Main$CuiListener status
INFO: Handshaking
Jun 28, 2023 3:18:32 PM hudson.remoting.jnlp.Main$CuiListener status
INFO: Connecting to localhost:50000
Jun 28, 2023 3:18:32 PM hudson.remoting.jnlp.Main$CuiListener status
INFO: Trying protocol: JNLP4-connect
Jun 28, 2023 3:18:32 PM org.jenkinsci.remoting.protocol.impl.BIONetworkLayer$Reader run
INFO: Waiting for ProtocolStack to start.
Jun 28, 2023 3:18:32 PM hudson.remoting.jnlp.Main$CuiListener status
INFO: Remote identity confirmed: bd:bd:22:bb:b4:23:18:f0:8b:83:a3:39:2b:73:8d:46
Jun 28, 2023 3:18:32 PM org.jenkinsci.remoting.protocol.impl.ConnectionHeadersFilterLayer onRecv
INFO: [JNLP4-connect connection to localhost/127.0.0.1:50000] Local headers refused by remote: local is already connected to this controller. Rejecting this connection.
Jun 28, 2023 3:18:32 PM hudson.remoting.jnlp.Main$CuiListener status
INFO: Protocol JNLP4-connect encountered an unexpected exception
java.util.concurrent.ExecutionException: org.jenkinsci.remoting.protocol.impl.ConnectionRefusalException: local is already connected to this controller. Rejecting this connection.
	at org.jenkinsci.remoting.util.SettableFuture.get(SettableFuture.java:223)
	at hudson.remoting.Engine.innerRun(Engine.java:814)
	at hudson.remoting.Engine.run(Engine.java:543)
Caused by: org.jenkinsci.remoting.protocol.impl.ConnectionRefusalException: local is already connected to this controller. Rejecting this connection.
	at org.jenkinsci.remoting.protocol.impl.ConnectionHeadersFilterLayer.newAbortCause(ConnectionHeadersFilterLayer.java:380)
	at org.jenkinsci.remoting.protocol.impl.ConnectionHeadersFilterLayer.onRecvClosed(ConnectionHeadersFilterLayer.java:435)
	at org.jenkinsci.remoting.protocol.ProtocolStack$Ptr.onRecvClosed(ProtocolStack.java:825)
	at org.jenkinsci.remoting.protocol.FilterLayer.onRecvClosed(FilterLayer.java:289)
	at org.jenkinsci.remoting.protocol.impl.SSLEngineFilterLayer.onRecvClosed(SSLEngineFilterLayer.java:168)
	at org.jenkinsci.remoting.protocol.ProtocolStack$Ptr.onRecvClosed(ProtocolStack.java:825)
	at org.jenkinsci.remoting.protocol.NetworkLayer.onRecvClosed(NetworkLayer.java:155)
	at org.jenkinsci.remoting.protocol.impl.BIONetworkLayer.access$700(BIONetworkLayer.java:51)
	at org.jenkinsci.remoting.protocol.impl.BIONetworkLayer$Reader.run(BIONetworkLayer.java:257)
	at java.base/java.util.concurrent.ThreadPoolExecutor.runWorker(ThreadPoolExecutor.java:1128)
	at java.base/java.util.concurrent.ThreadPoolExecutor$Worker.run(ThreadPoolExecutor.java:628)
	at hudson.remoting.Engine$1.lambda$newThread$0(Engine.java:125)
	at java.base/java.lang.Thread.run(Thread.java:834)
	Suppressed: java.nio.channels.ClosedChannelException
		... 7 more

Jun 28, 2023 3:18:32 PM hudson.remoting.jnlp.Main$CuiListener status
INFO: reconnect rejected, sleeping 10s: 
java.lang.Exception: The server rejected the connection: None of the protocols were accepted
	at hudson.remoting.Engine.onConnectionRejected(Engine.java:893)
	at hudson.remoting.Engine.innerRun(Engine.java:840)
	at hudson.remoting.Engine.run(Engine.java:543)

Jun 28, 2023 3:18:42 PM hudson.remoting.jnlp.Main$CuiListener status
INFO: Locating server among [http://localhost:8080/]
Jun 28, 2023 3:18:42 PM org.jenkinsci.remoting.engine.JnlpAgentEndpointResolver resolve
INFO: Remoting server accepts the following protocols: [JNLP4-connect, Ping]
Jun 28, 2023 3:18:42 PM hudson.remoting.jnlp.Main$CuiListener status
INFO: Agent discovery successful
  Agent address: localhost
  Agent port:    50000
  Identity:      bd:bd:22:bb:b4:23:18:f0:8b:83:a3:39:2b:73:8d:46
Jun 28, 2023 3:18:42 PM hudson.remoting.jnlp.Main$CuiListener status
INFO: Handshaking
Jun 28, 2023 3:18:42 PM hudson.remoting.jnlp.Main$CuiListener status
INFO: Connecting to localhost:50000
Jun 28, 2023 3:18:42 PM hudson.remoting.jnlp.Main$CuiListener status
INFO: Trying protocol: JNLP4-connect
Jun 28, 2023 3:18:42 PM org.jenkinsci.remoting.protocol.impl.BIONetworkLayer$Reader run
INFO: Waiting for ProtocolStack to start.
Jun 28, 2023 3:18:42 PM hudson.remoting.jnlp.Main$CuiListener status
INFO: Remote identity confirmed: bd:bd:22:bb:b4:23:18:f0:8b:83:a3:39:2b:73:8d:46
Jun 28, 2023 3:18:42 PM org.jenkinsci.remoting.protocol.impl.ConnectionHeadersFilterLayer onRecv
INFO: [JNLP4-connect connection to localhost/127.0.0.1:50000] Local headers refused by remote: local is already connected to this controller. Rejecting this connection.
Jun 28, 2023 3:18:42 PM hudson.remoting.jnlp.Main$CuiListener status
INFO: Protocol JNLP4-connect encountered an unexpected exception
java.util.concurrent.ExecutionException: org.jenkinsci.remoting.protocol.impl.ConnectionRefusalException: local is already connected to this controller. Rejecting this connection.
	at org.jenkinsci.remoting.util.SettableFuture.get(SettableFuture.java:223)
	at hudson.remoting.Engine.innerRun(Engine.java:814)
	at hudson.remoting.Engine.run(Engine.java:543)
Caused by: org.jenkinsci.remoting.protocol.impl.ConnectionRefusalException: local is already connected to this controller. Rejecting this connection.
	at org.jenkinsci.remoting.protocol.impl.ConnectionHeadersFilterLayer.newAbortCause(ConnectionHeadersFilterLayer.java:380)
	at org.jenkinsci.remoting.protocol.impl.ConnectionHeadersFilterLayer.onRecvClosed(ConnectionHeadersFilterLayer.java:435)
	at org.jenkinsci.remoting.protocol.ProtocolStack$Ptr.onRecvClosed(ProtocolStack.java:825)
	at org.jenkinsci.remoting.protocol.FilterLayer.onRecvClosed(FilterLayer.java:289)
	at org.jenkinsci.remoting.protocol.impl.SSLEngineFilterLayer.onRecvClosed(SSLEngineFilterLayer.java:168)
	at org.jenkinsci.remoting.protocol.ProtocolStack$Ptr.onRecvClosed(ProtocolStack.java:825)
	at org.jenkinsci.remoting.protocol.NetworkLayer.onRecvClosed(NetworkLayer.java:155)
	at org.jenkinsci.remoting.protocol.impl.BIONetworkLayer.access$700(BIONetworkLayer.java:51)
	at org.jenkinsci.remoting.protocol.impl.BIONetworkLayer$Reader.run(BIONetworkLayer.java:257)
	at java.base/java.util.concurrent.ThreadPoolExecutor.runWorker(ThreadPoolExecutor.java:1128)
	at java.base/java.util.concurrent.ThreadPoolExecutor$Worker.run(ThreadPoolExecutor.java:628)
	at hudson.remoting.Engine$1.lambda$newThread$0(Engine.java:125)
	at java.base/java.lang.Thread.run(Thread.java:834)
	Suppressed: java.nio.channels.ClosedChannelException
		... 7 more

Jun 28, 2023 3:18:42 PM hudson.remoting.jnlp.Main$CuiListener status
INFO: reconnect rejected, sleeping 10s: 
java.lang.Exception: The server rejected the connection: None of the protocols were accepted
	at hudson.remoting.Engine.onConnectionRejected(Engine.java:893)
	at hudson.remoting.Engine.innerRun(Engine.java:840)
	at hudson.remoting.Engine.run(Engine.java:543)

Jun 28, 2023 3:18:52 PM hudson.remoting.jnlp.Main$CuiListener status
INFO: Locating server among [http://localhost:8080/]
Jun 28, 2023 3:18:52 PM org.jenkinsci.remoting.engine.JnlpAgentEndpointResolver resolve
INFO: Remoting server accepts the following protocols: [JNLP4-connect, Ping]
Jun 28, 2023 3:18:52 PM hudson.remoting.jnlp.Main$CuiListener status
INFO: Agent discovery successful
  Agent address: localhost
  Agent port:    50000
  Identity:      bd:bd:22:bb:b4:23:18:f0:8b:83:a3:39:2b:73:8d:46
Jun 28, 2023 3:18:52 PM hudson.remoting.jnlp.Main$CuiListener status
INFO: Handshaking
Jun 28, 2023 3:18:52 PM hudson.remoting.jnlp.Main$CuiListener status
INFO: Connecting to localhost:50000
Jun 28, 2023 3:18:52 PM hudson.remoting.jnlp.Main$CuiListener status
INFO: Trying protocol: JNLP4-connect
Jun 28, 2023 3:18:52 PM org.jenkinsci.remoting.protocol.impl.BIONetworkLayer$Reader run
INFO: Waiting for ProtocolStack to start.
Jun 28, 2023 3:18:52 PM hudson.remoting.jnlp.Main$CuiListener status
INFO: Remote identity confirmed: bd:bd:22:bb:b4:23:18:f0:8b:83:a3:39:2b:73:8d:46
Jun 28, 2023 3:18:52 PM org.jenkinsci.remoting.protocol.impl.ConnectionHeadersFilterLayer onRecv
INFO: [JNLP4-connect connection to localhost/127.0.0.1:50000] Local headers refused by remote: local is already connected to this controller. Rejecting this connection.
Jun 28, 2023 3:18:52 PM hudson.remoting.jnlp.Main$CuiListener status
INFO: Protocol JNLP4-connect encountered an unexpected exception
java.util.concurrent.ExecutionException: org.jenkinsci.remoting.protocol.impl.ConnectionRefusalException: local is already connected to this controller. Rejecting this connection.
	at org.jenkinsci.remoting.util.SettableFuture.get(SettableFuture.java:223)
	at hudson.remoting.Engine.innerRun(Engine.java:814)
	at hudson.remoting.Engine.run(Engine.java:543)
Caused by: org.jenkinsci.remoting.protocol.impl.ConnectionRefusalException: local is already connected to this controller. Rejecting this connection.
	at org.jenkinsci.remoting.protocol.impl.ConnectionHeadersFilterLayer.newAbortCause(ConnectionHeadersFilterLayer.java:380)
	at org.jenkinsci.remoting.protocol.impl.ConnectionHeadersFilterLayer.onRecvClosed(ConnectionHeadersFilterLayer.java:435)
	at org.jenkinsci.remoting.protocol.ProtocolStack$Ptr.onRecvClosed(ProtocolStack.java:825)
	at org.jenkinsci.remoting.protocol.FilterLayer.onRecvClosed(FilterLayer.java:289)
	at org.jenkinsci.remoting.protocol.impl.SSLEngineFilterLayer.onRecvClosed(SSLEngineFilterLayer.java:168)
	at org.jenkinsci.remoting.protocol.ProtocolStack$Ptr.onRecvClosed(ProtocolStack.java:825)
	at org.jenkinsci.remoting.protocol.NetworkLayer.onRecvClosed(NetworkLayer.java:155)
	at org.jenkinsci.remoting.protocol.impl.BIONetworkLayer.access$700(BIONetworkLayer.java:51)
	at org.jenkinsci.remoting.protocol.impl.BIONetworkLayer$Reader.run(BIONetworkLayer.java:257)
	at java.base/java.util.concurrent.ThreadPoolExecutor.runWorker(ThreadPoolExecutor.java:1128)
	at java.base/java.util.concurrent.ThreadPoolExecutor$Worker.run(ThreadPoolExecutor.java:628)
	at hudson.remoting.Engine$1.lambda$newThread$0(Engine.java:125)
	at java.base/java.lang.Thread.run(Thread.java:834)
	Suppressed: java.nio.channels.ClosedChannelException
		... 7 more

Jun 28, 2023 3:18:52 PM hudson.remoting.jnlp.Main$CuiListener status
INFO: reconnect rejected, sleeping 10s: 
java.lang.Exception: The server rejected the connection: None of the protocols were accepted
	at hudson.remoting.Engine.onConnectionRejected(Engine.java:893)
	at hudson.remoting.Engine.innerRun(Engine.java:840)
	at hudson.remoting.Engine.run(Engine.java:543)

Jun 28, 2023 3:19:02 PM hudson.remoting.jnlp.Main$CuiListener status
INFO: Locating server among [http://localhost:8080/]
Jun 28, 2023 3:19:02 PM org.jenkinsci.remoting.engine.JnlpAgentEndpointResolver resolve
INFO: Remoting server accepts the following protocols: [JNLP4-connect, Ping]
Jun 28, 2023 3:19:02 PM hudson.remoting.jnlp.Main$CuiListener status
INFO: Agent discovery successful
  Agent address: localhost
  Agent port:    50000
  Identity:      bd:bd:22:bb:b4:23:18:f0:8b:83:a3:39:2b:73:8d:46
Jun 28, 2023 3:19:02 PM hudson.remoting.jnlp.Main$CuiListener status
INFO: Handshaking
Jun 28, 2023 3:19:02 PM hudson.remoting.jnlp.Main$CuiListener status
INFO: Connecting to localhost:50000
Jun 28, 2023 3:19:02 PM hudson.remoting.jnlp.Main$CuiListener status
INFO: Trying protocol: JNLP4-connect
Jun 28, 2023 3:19:02 PM org.jenkinsci.remoting.protocol.impl.BIONetworkLayer$Reader run
INFO: Waiting for ProtocolStack to start.
Jun 28, 2023 3:19:02 PM hudson.remoting.jnlp.Main$CuiListener status
INFO: Remote identity confirmed: bd:bd:22:bb:b4:23:18:f0:8b:83:a3:39:2b:73:8d:46
Jun 28, 2023 3:19:02 PM org.jenkinsci.remoting.protocol.impl.ConnectionHeadersFilterLayer onRecv
INFO: [JNLP4-connect connection to localhost/127.0.0.1:50000] Local headers refused by remote: local is already connected to this controller. Rejecting this connection.
Jun 28, 2023 3:19:02 PM hudson.remoting.jnlp.Main$CuiListener status
INFO: Protocol JNLP4-connect encountered an unexpected exception
java.util.concurrent.ExecutionException: org.jenkinsci.remoting.protocol.impl.ConnectionRefusalException: local is already connected to this controller. Rejecting this connection.
	at org.jenkinsci.remoting.util.SettableFuture.get(SettableFuture.java:223)
	at hudson.remoting.Engine.innerRun(Engine.java:814)
	at hudson.remoting.Engine.run(Engine.java:543)
Caused by: org.jenkinsci.remoting.protocol.impl.ConnectionRefusalException: local is already connected to this controller. Rejecting this connection.
	at org.jenkinsci.remoting.protocol.impl.ConnectionHeadersFilterLayer.newAbortCause(ConnectionHeadersFilterLayer.java:380)
	at org.jenkinsci.remoting.protocol.impl.ConnectionHeadersFilterLayer.onRecvClosed(ConnectionHeadersFilterLayer.java:435)
	at org.jenkinsci.remoting.protocol.ProtocolStack$Ptr.onRecvClosed(ProtocolStack.java:825)
	at org.jenkinsci.remoting.protocol.FilterLayer.onRecvClosed(FilterLayer.java:289)
	at org.jenkinsci.remoting.protocol.impl.SSLEngineFilterLayer.onRecvClosed(SSLEngineFilterLayer.java:168)
	at org.jenkinsci.remoting.protocol.ProtocolStack$Ptr.onRecvClosed(ProtocolStack.java:825)
	at org.jenkinsci.remoting.protocol.NetworkLayer.onRecvClosed(NetworkLayer.java:155)
	at org.jenkinsci.remoting.protocol.impl.BIONetworkLayer.access$700(BIONetworkLayer.java:51)
	at org.jenkinsci.remoting.protocol.impl.BIONetworkLayer$Reader.run(BIONetworkLayer.java:257)
	at java.base/java.util.concurrent.ThreadPoolExecutor.runWorker(ThreadPoolExecutor.java:1128)
	at java.base/java.util.concurrent.ThreadPoolExecutor$Worker.run(ThreadPoolExecutor.java:628)
	at hudson.remoting.Engine$1.lambda$newThread$0(Engine.java:125)
	at java.base/java.lang.Thread.run(Thread.java:834)
	Suppressed: java.nio.channels.ClosedChannelException
		... 7 more

Jun 28, 2023 3:19:02 PM hudson.remoting.jnlp.Main$CuiListener status
INFO: reconnect rejected, sleeping 10s: 
java.lang.Exception: The server rejected the connection: None of the protocols were accepted
	at hudson.remoting.Engine.onConnectionRejected(Engine.java:893)
	at hudson.remoting.Engine.innerRun(Engine.java:840)
	at hudson.remoting.Engine.run(Engine.java:543)

Jun 28, 2023 3:19:12 PM hudson.remoting.jnlp.Main$CuiListener status
INFO: Locating server among [http://localhost:8080/]
Jun 28, 2023 3:19:12 PM org.jenkinsci.remoting.engine.JnlpAgentEndpointResolver resolve
INFO: Remoting server accepts the following protocols: [JNLP4-connect, Ping]
Jun 28, 2023 3:19:12 PM hudson.remoting.jnlp.Main$CuiListener status
INFO: Agent discovery successful
  Agent address: localhost
  Agent port:    50000
  Identity:      bd:bd:22:bb:b4:23:18:f0:8b:83:a3:39:2b:73:8d:46
Jun 28, 2023 3:19:12 PM hudson.remoting.jnlp.Main$CuiListener status
INFO: Handshaking
Jun 28, 2023 3:19:12 PM hudson.remoting.jnlp.Main$CuiListener status
INFO: Connecting to localhost:50000
Jun 28, 2023 3:19:12 PM hudson.remoting.jnlp.Main$CuiListener status
INFO: Trying protocol: JNLP4-connect
Jun 28, 2023 3:19:12 PM org.jenkinsci.remoting.protocol.impl.BIONetworkLayer$Reader run
INFO: Waiting for ProtocolStack to start.
Jun 28, 2023 3:19:12 PM hudson.remoting.jnlp.Main$CuiListener status
INFO: Remote identity confirmed: bd:bd:22:bb:b4:23:18:f0:8b:83:a3:39:2b:73:8d:46
Jun 28, 2023 3:19:12 PM org.jenkinsci.remoting.protocol.impl.ConnectionHeadersFilterLayer onRecv
INFO: [JNLP4-connect connection to localhost/127.0.0.1:50000] Local headers refused by remote: local is already connected to this controller. Rejecting this connection.
Jun 28, 2023 3:19:12 PM hudson.remoting.jnlp.Main$CuiListener status
INFO: Protocol JNLP4-connect encountered an unexpected exception
java.util.concurrent.ExecutionException: org.jenkinsci.remoting.protocol.impl.ConnectionRefusalException: local is already connected to this controller. Rejecting this connection.
	at org.jenkinsci.remoting.util.SettableFuture.get(SettableFuture.java:223)
	at hudson.remoting.Engine.innerRun(Engine.java:814)
	at hudson.remoting.Engine.run(Engine.java:543)
Caused by: org.jenkinsci.remoting.protocol.impl.ConnectionRefusalException: local is already connected to this controller. Rejecting this connection.
	at org.jenkinsci.remoting.protocol.impl.ConnectionHeadersFilterLayer.newAbortCause(ConnectionHeadersFilterLayer.java:380)
	at org.jenkinsci.remoting.protocol.impl.ConnectionHeadersFilterLayer.onRecvClosed(ConnectionHeadersFilterLayer.java:435)
	at org.jenkinsci.remoting.protocol.ProtocolStack$Ptr.onRecvClosed(ProtocolStack.java:825)
	at org.jenkinsci.remoting.protocol.FilterLayer.onRecvClosed(FilterLayer.java:289)
	at org.jenkinsci.remoting.protocol.impl.SSLEngineFilterLayer.onRecvClosed(SSLEngineFilterLayer.java:168)
	at org.jenkinsci.remoting.protocol.ProtocolStack$Ptr.onRecvClosed(ProtocolStack.java:825)
	at org.jenkinsci.remoting.protocol.NetworkLayer.onRecvClosed(NetworkLayer.java:155)
	at org.jenkinsci.remoting.protocol.impl.BIONetworkLayer.access$700(BIONetworkLayer.java:51)
	at org.jenkinsci.remoting.protocol.impl.BIONetworkLayer$Reader.run(BIONetworkLayer.java:257)
	at java.base/java.util.concurrent.ThreadPoolExecutor.runWorker(ThreadPoolExecutor.java:1128)
	at java.base/java.util.concurrent.ThreadPoolExecutor$Worker.run(ThreadPoolExecutor.java:628)
	at hudson.remoting.Engine$1.lambda$newThread$0(Engine.java:125)
	at java.base/java.lang.Thread.run(Thread.java:834)
	Suppressed: java.nio.channels.ClosedChannelException
		... 7 more

Jun 28, 2023 3:19:12 PM hudson.remoting.jnlp.Main$CuiListener status
INFO: reconnect rejected, sleeping 10s: 
java.lang.Exception: The server rejected the connection: None of the protocols were accepted
	at hudson.remoting.Engine.onConnectionRejected(Engine.java:893)
	at hudson.remoting.Engine.innerRun(Engine.java:840)
	at hudson.remoting.Engine.run(Engine.java:543)

Jun 28, 2023 3:19:22 PM hudson.remoting.jnlp.Main$CuiListener status
INFO: Locating server among [http://localhost:8080/]
Jun 28, 2023 3:19:22 PM org.jenkinsci.remoting.engine.JnlpAgentEndpointResolver resolve
INFO: Remoting server accepts the following protocols: [JNLP4-connect, Ping]
Jun 28, 2023 3:19:22 PM hudson.remoting.jnlp.Main$CuiListener status
INFO: Agent discovery successful
  Agent address: localhost
  Agent port:    50000
  Identity:      bd:bd:22:bb:b4:23:18:f0:8b:83:a3:39:2b:73:8d:46
Jun 28, 2023 3:19:22 PM hudson.remoting.jnlp.Main$CuiListener status
INFO: Handshaking
Jun 28, 2023 3:19:22 PM hudson.remoting.jnlp.Main$CuiListener status
INFO: Connecting to localhost:50000
Jun 28, 2023 3:19:22 PM hudson.remoting.jnlp.Main$CuiListener status
INFO: Trying protocol: JNLP4-connect
Jun 28, 2023 3:19:22 PM org.jenkinsci.remoting.protocol.impl.BIONetworkLayer$Reader run
INFO: Waiting for ProtocolStack to start.
Jun 28, 2023 3:19:22 PM hudson.remoting.jnlp.Main$CuiListener status
INFO: Remote identity confirmed: bd:bd:22:bb:b4:23:18:f0:8b:83:a3:39:2b:73:8d:46
Jun 28, 2023 3:19:22 PM org.jenkinsci.remoting.protocol.impl.ConnectionHeadersFilterLayer onRecv
INFO: [JNLP4-connect connection to localhost/127.0.0.1:50000] Local headers refused by remote: local is already connected to this controller. Rejecting this connection.
Jun 28, 2023 3:19:22 PM hudson.remoting.jnlp.Main$CuiListener status
INFO: Protocol JNLP4-connect encountered an unexpected exception
java.util.concurrent.ExecutionException: org.jenkinsci.remoting.protocol.impl.ConnectionRefusalException: local is already connected to this controller. Rejecting this connection.
	at org.jenkinsci.remoting.util.SettableFuture.get(SettableFuture.java:223)
	at hudson.remoting.Engine.innerRun(Engine.java:814)
	at hudson.remoting.Engine.run(Engine.java:543)
Caused by: org.jenkinsci.remoting.protocol.impl.ConnectionRefusalException: local is already connected to this controller. Rejecting this connection.
	at org.jenkinsci.remoting.protocol.impl.ConnectionHeadersFilterLayer.newAbortCause(ConnectionHeadersFilterLayer.java:380)
	at org.jenkinsci.remoting.protocol.impl.ConnectionHeadersFilterLayer.onRecvClosed(ConnectionHeadersFilterLayer.java:435)
	at org.jenkinsci.remoting.protocol.ProtocolStack$Ptr.onRecvClosed(ProtocolStack.java:825)
	at org.jenkinsci.remoting.protocol.FilterLayer.onRecvClosed(FilterLayer.java:289)
	at org.jenkinsci.remoting.protocol.impl.SSLEngineFilterLayer.onRecvClosed(SSLEngineFilterLayer.java:168)
	at org.jenkinsci.remoting.protocol.ProtocolStack$Ptr.onRecvClosed(ProtocolStack.java:825)
	at org.jenkinsci.remoting.protocol.NetworkLayer.onRecvClosed(NetworkLayer.java:155)
	at org.jenkinsci.remoting.protocol.impl.BIONetworkLayer.access$700(BIONetworkLayer.java:51)
	at org.jenkinsci.remoting.protocol.impl.BIONetworkLayer$Reader.run(BIONetworkLayer.java:257)
	at java.base/java.util.concurrent.ThreadPoolExecutor.runWorker(ThreadPoolExecutor.java:1128)
	at java.base/java.util.concurrent.ThreadPoolExecutor$Worker.run(ThreadPoolExecutor.java:628)
	at hudson.remoting.Engine$1.lambda$newThread$0(Engine.java:125)
	at java.base/java.lang.Thread.run(Thread.java:834)
	Suppressed: java.nio.channels.ClosedChannelException
		... 7 more

Jun 28, 2023 3:19:22 PM hudson.remoting.jnlp.Main$CuiListener status
INFO: reconnect rejected, sleeping 10s: 
java.lang.Exception: The server rejected the connection: None of the protocols were accepted
	at hudson.remoting.Engine.onConnectionRejected(Engine.java:893)
	at hudson.remoting.Engine.innerRun(Engine.java:840)
	at hudson.remoting.Engine.run(Engine.java:543)

Jun 28, 2023 3:19:32 PM hudson.remoting.jnlp.Main$CuiListener status
INFO: Locating server among [http://localhost:8080/]
Jun 28, 2023 3:19:32 PM org.jenkinsci.remoting.engine.JnlpAgentEndpointResolver resolve
INFO: Remoting server accepts the following protocols: [JNLP4-connect, Ping]
Jun 28, 2023 3:19:32 PM hudson.remoting.jnlp.Main$CuiListener status
INFO: Agent discovery successful
  Agent address: localhost
  Agent port:    50000
  Identity:      bd:bd:22:bb:b4:23:18:f0:8b:83:a3:39:2b:73:8d:46
Jun 28, 2023 3:19:32 PM hudson.remoting.jnlp.Main$CuiListener status
INFO: Handshaking
Jun 28, 2023 3:19:32 PM hudson.remoting.jnlp.Main$CuiListener status
INFO: Connecting to localhost:50000
Jun 28, 2023 3:19:32 PM hudson.remoting.jnlp.Main$CuiListener status
INFO: Trying protocol: JNLP4-connect
Jun 28, 2023 3:19:32 PM org.jenkinsci.remoting.protocol.impl.BIONetworkLayer$Reader run
INFO: Waiting for ProtocolStack to start.
Jun 28, 2023 3:19:32 PM hudson.remoting.jnlp.Main$CuiListener status
INFO: Remote identity confirmed: bd:bd:22:bb:b4:23:18:f0:8b:83:a3:39:2b:73:8d:46
Jun 28, 2023 3:19:32 PM org.jenkinsci.remoting.protocol.impl.ConnectionHeadersFilterLayer onRecv
INFO: [JNLP4-connect connection to localhost/127.0.0.1:50000] Local headers refused by remote: local is already connected to this controller. Rejecting this connection.
Jun 28, 2023 3:19:32 PM hudson.remoting.jnlp.Main$CuiListener status
INFO: Protocol JNLP4-connect encountered an unexpected exception
java.util.concurrent.ExecutionException: org.jenkinsci.remoting.protocol.impl.ConnectionRefusalException: local is already connected to this controller. Rejecting this connection.
	at org.jenkinsci.remoting.util.SettableFuture.get(SettableFuture.java:223)
	at hudson.remoting.Engine.innerRun(Engine.java:814)
	at hudson.remoting.Engine.run(Engine.java:543)
Caused by: org.jenkinsci.remoting.protocol.impl.ConnectionRefusalException: local is already connected to this controller. Rejecting this connection.
	at org.jenkinsci.remoting.protocol.impl.ConnectionHeadersFilterLayer.newAbortCause(ConnectionHeadersFilterLayer.java:380)
	at org.jenkinsci.remoting.protocol.impl.ConnectionHeadersFilterLayer.onRecvClosed(ConnectionHeadersFilterLayer.java:435)
	at org.jenkinsci.remoting.protocol.ProtocolStack$Ptr.onRecvClosed(ProtocolStack.java:825)
	at org.jenkinsci.remoting.protocol.FilterLayer.onRecvClosed(FilterLayer.java:289)
	at org.jenkinsci.remoting.protocol.impl.SSLEngineFilterLayer.onRecvClosed(SSLEngineFilterLayer.java:168)
	at org.jenkinsci.remoting.protocol.ProtocolStack$Ptr.onRecvClosed(ProtocolStack.java:825)
	at org.jenkinsci.remoting.protocol.NetworkLayer.onRecvClosed(NetworkLayer.java:155)
	at org.jenkinsci.remoting.protocol.impl.BIONetworkLayer.access$700(BIONetworkLayer.java:51)
	at org.jenkinsci.remoting.protocol.impl.BIONetworkLayer$Reader.run(BIONetworkLayer.java:257)
	at java.base/java.util.concurrent.ThreadPoolExecutor.runWorker(ThreadPoolExecutor.java:1128)
	at java.base/java.util.concurrent.ThreadPoolExecutor$Worker.run(ThreadPoolExecutor.java:628)
	at hudson.remoting.Engine$1.lambda$newThread$0(Engine.java:125)
	at java.base/java.lang.Thread.run(Thread.java:834)
	Suppressed: java.nio.channels.ClosedChannelException
		... 7 more

Jun 28, 2023 3:19:32 PM hudson.remoting.jnlp.Main$CuiListener status
INFO: reconnect rejected, sleeping 10s: 
java.lang.Exception: The server rejected the connection: None of the protocols were accepted
	at hudson.remoting.Engine.onConnectionRejected(Engine.java:893)
	at hudson.remoting.Engine.innerRun(Engine.java:840)
	at hudson.remoting.Engine.run(Engine.java:543)

Jun 28, 2023 3:19:42 PM hudson.remoting.jnlp.Main$CuiListener status
INFO: Locating server among [http://localhost:8080/]
Jun 28, 2023 3:19:42 PM org.jenkinsci.remoting.engine.JnlpAgentEndpointResolver resolve
INFO: Remoting server accepts the following protocols: [JNLP4-connect, Ping]
Jun 28, 2023 3:19:42 PM hudson.remoting.jnlp.Main$CuiListener status
INFO: Agent discovery successful
  Agent address: localhost
  Agent port:    50000
  Identity:      bd:bd:22:bb:b4:23:18:f0:8b:83:a3:39:2b:73:8d:46
Jun 28, 2023 3:19:42 PM hudson.remoting.jnlp.Main$CuiListener status
INFO: Handshaking
Jun 28, 2023 3:19:42 PM hudson.remoting.jnlp.Main$CuiListener status
INFO: Connecting to localhost:50000
Jun 28, 2023 3:19:42 PM hudson.remoting.jnlp.Main$CuiListener status
INFO: Trying protocol: JNLP4-connect
Jun 28, 2023 3:19:42 PM org.jenkinsci.remoting.protocol.impl.BIONetworkLayer$Reader run
INFO: Waiting for ProtocolStack to start.
Jun 28, 2023 3:19:42 PM hudson.remoting.jnlp.Main$CuiListener status
INFO: Remote identity confirmed: bd:bd:22:bb:b4:23:18:f0:8b:83:a3:39:2b:73:8d:46
Jun 28, 2023 3:19:42 PM org.jenkinsci.remoting.protocol.impl.ConnectionHeadersFilterLayer onRecv
INFO: [JNLP4-connect connection to localhost/127.0.0.1:50000] Local headers refused by remote: local is already connected to this controller. Rejecting this connection.
Jun 28, 2023 3:19:42 PM hudson.remoting.jnlp.Main$CuiListener status
INFO: Protocol JNLP4-connect encountered an unexpected exception
java.util.concurrent.ExecutionException: org.jenkinsci.remoting.protocol.impl.ConnectionRefusalException: local is already connected to this controller. Rejecting this connection.
	at org.jenkinsci.remoting.util.SettableFuture.get(SettableFuture.java:223)
	at hudson.remoting.Engine.innerRun(Engine.java:814)
	at hudson.remoting.Engine.run(Engine.java:543)
Caused by: org.jenkinsci.remoting.protocol.impl.ConnectionRefusalException: local is already connected to this controller. Rejecting this connection.
	at org.jenkinsci.remoting.protocol.impl.ConnectionHeadersFilterLayer.newAbortCause(ConnectionHeadersFilterLayer.java:380)
	at org.jenkinsci.remoting.protocol.impl.ConnectionHeadersFilterLayer.onRecvClosed(ConnectionHeadersFilterLayer.java:435)
	at org.jenkinsci.remoting.protocol.ProtocolStack$Ptr.onRecvClosed(ProtocolStack.java:825)
	at org.jenkinsci.remoting.protocol.FilterLayer.onRecvClosed(FilterLayer.java:289)
	at org.jenkinsci.remoting.protocol.impl.SSLEngineFilterLayer.onRecvClosed(SSLEngineFilterLayer.java:168)
	at org.jenkinsci.remoting.protocol.ProtocolStack$Ptr.onRecvClosed(ProtocolStack.java:825)
	at org.jenkinsci.remoting.protocol.NetworkLayer.onRecvClosed(NetworkLayer.java:155)
	at org.jenkinsci.remoting.protocol.impl.BIONetworkLayer.access$700(BIONetworkLayer.java:51)
	at org.jenkinsci.remoting.protocol.impl.BIONetworkLayer$Reader.run(BIONetworkLayer.java:257)
	at java.base/java.util.concurrent.ThreadPoolExecutor.runWorker(ThreadPoolExecutor.java:1128)
	at java.base/java.util.concurrent.ThreadPoolExecutor$Worker.run(ThreadPoolExecutor.java:628)
	at hudson.remoting.Engine$1.lambda$newThread$0(Engine.java:125)
	at java.base/java.lang.Thread.run(Thread.java:834)
	Suppressed: java.nio.channels.ClosedChannelException
		... 7 more

Jun 28, 2023 3:19:42 PM hudson.remoting.jnlp.Main$CuiListener status
INFO: reconnect rejected, sleeping 10s: 
java.lang.Exception: The server rejected the connection: None of the protocols were accepted
	at hudson.remoting.Engine.onConnectionRejected(Engine.java:893)
	at hudson.remoting.Engine.innerRun(Engine.java:840)
	at hudson.remoting.Engine.run(Engine.java:543)

Jun 28, 2023 3:19:52 PM hudson.remoting.jnlp.Main$CuiListener status
INFO: Locating server among [http://localhost:8080/]
Jun 28, 2023 3:19:52 PM org.jenkinsci.remoting.engine.JnlpAgentEndpointResolver resolve
INFO: Remoting server accepts the following protocols: [JNLP4-connect, Ping]
Jun 28, 2023 3:19:52 PM hudson.remoting.jnlp.Main$CuiListener status
INFO: Agent discovery successful
  Agent address: localhost
  Agent port:    50000
  Identity:      bd:bd:22:bb:b4:23:18:f0:8b:83:a3:39:2b:73:8d:46
Jun 28, 2023 3:19:52 PM hudson.remoting.jnlp.Main$CuiListener status
INFO: Handshaking
Jun 28, 2023 3:19:52 PM hudson.remoting.jnlp.Main$CuiListener status
INFO: Connecting to localhost:50000
Jun 28, 2023 3:19:52 PM hudson.remoting.jnlp.Main$CuiListener status
INFO: Trying protocol: JNLP4-connect
Jun 28, 2023 3:19:52 PM org.jenkinsci.remoting.protocol.impl.BIONetworkLayer$Reader run
INFO: Waiting for ProtocolStack to start.
Jun 28, 2023 3:19:52 PM hudson.remoting.jnlp.Main$CuiListener status
INFO: Remote identity confirmed: bd:bd:22:bb:b4:23:18:f0:8b:83:a3:39:2b:73:8d:46
Jun 28, 2023 3:19:52 PM org.jenkinsci.remoting.protocol.impl.ConnectionHeadersFilterLayer onRecv
INFO: [JNLP4-connect connection to localhost/127.0.0.1:50000] Local headers refused by remote: local is already connected to this controller. Rejecting this connection.
Jun 28, 2023 3:19:52 PM hudson.remoting.jnlp.Main$CuiListener status
INFO: Protocol JNLP4-connect encountered an unexpected exception
java.util.concurrent.ExecutionException: org.jenkinsci.remoting.protocol.impl.ConnectionRefusalException: local is already connected to this controller. Rejecting this connection.
	at org.jenkinsci.remoting.util.SettableFuture.get(SettableFuture.java:223)
	at hudson.remoting.Engine.innerRun(Engine.java:814)
	at hudson.remoting.Engine.run(Engine.java:543)
Caused by: org.jenkinsci.remoting.protocol.impl.ConnectionRefusalException: local is already connected to this controller. Rejecting this connection.
	at org.jenkinsci.remoting.protocol.impl.ConnectionHeadersFilterLayer.newAbortCause(ConnectionHeadersFilterLayer.java:380)
	at org.jenkinsci.remoting.protocol.impl.ConnectionHeadersFilterLayer.onRecvClosed(ConnectionHeadersFilterLayer.java:435)
	at org.jenkinsci.remoting.protocol.ProtocolStack$Ptr.onRecvClosed(ProtocolStack.java:825)
	at org.jenkinsci.remoting.protocol.FilterLayer.onRecvClosed(FilterLayer.java:289)
	at org.jenkinsci.remoting.protocol.impl.SSLEngineFilterLayer.onRecvClosed(SSLEngineFilterLayer.java:168)
	at org.jenkinsci.remoting.protocol.ProtocolStack$Ptr.onRecvClosed(ProtocolStack.java:825)
	at org.jenkinsci.remoting.protocol.NetworkLayer.onRecvClosed(NetworkLayer.java:155)
	at org.jenkinsci.remoting.protocol.impl.BIONetworkLayer.access$700(BIONetworkLayer.java:51)
	at org.jenkinsci.remoting.protocol.impl.BIONetworkLayer$Reader.run(BIONetworkLayer.java:257)
	at java.base/java.util.concurrent.ThreadPoolExecutor.runWorker(ThreadPoolExecutor.java:1128)
	at java.base/java.util.concurrent.ThreadPoolExecutor$Worker.run(ThreadPoolExecutor.java:628)
	at hudson.remoting.Engine$1.lambda$newThread$0(Engine.java:125)
	at java.base/java.lang.Thread.run(Thread.java:834)
	Suppressed: java.nio.channels.ClosedChannelException
		... 7 more

Jun 28, 2023 3:19:52 PM hudson.remoting.jnlp.Main$CuiListener status
INFO: reconnect rejected, sleeping 10s: 
java.lang.Exception: The server rejected the connection: None of the protocols were accepted
	at hudson.remoting.Engine.onConnectionRejected(Engine.java:893)
	at hudson.remoting.Engine.innerRun(Engine.java:840)
	at hudson.remoting.Engine.run(Engine.java:543)

Jun 28, 2023 3:20:02 PM hudson.remoting.jnlp.Main$CuiListener status
INFO: Locating server among [http://localhost:8080/]
Jun 28, 2023 3:20:02 PM org.jenkinsci.remoting.engine.JnlpAgentEndpointResolver resolve
INFO: Remoting server accepts the following protocols: [JNLP4-connect, Ping]
Jun 28, 2023 3:20:02 PM hudson.remoting.jnlp.Main$CuiListener status
INFO: Agent discovery successful
  Agent address: localhost
  Agent port:    50000
  Identity:      bd:bd:22:bb:b4:23:18:f0:8b:83:a3:39:2b:73:8d:46
Jun 28, 2023 3:20:02 PM hudson.remoting.jnlp.Main$CuiListener status
INFO: Handshaking
Jun 28, 2023 3:20:02 PM hudson.remoting.jnlp.Main$CuiListener status
INFO: Connecting to localhost:50000
Jun 28, 2023 3:20:02 PM hudson.remoting.jnlp.Main$CuiListener status
INFO: Trying protocol: JNLP4-connect
Jun 28, 2023 3:20:02 PM org.jenkinsci.remoting.protocol.impl.BIONetworkLayer$Reader run
INFO: Waiting for ProtocolStack to start.
Jun 28, 2023 3:20:02 PM hudson.remoting.jnlp.Main$CuiListener status
INFO: Remote identity confirmed: bd:bd:22:bb:b4:23:18:f0:8b:83:a3:39:2b:73:8d:46
Jun 28, 2023 3:20:02 PM org.jenkinsci.remoting.protocol.impl.ConnectionHeadersFilterLayer onRecv
INFO: [JNLP4-connect connection to localhost/127.0.0.1:50000] Local headers refused by remote: local is already connected to this controller. Rejecting this connection.
Jun 28, 2023 3:20:02 PM hudson.remoting.jnlp.Main$CuiListener status
INFO: Protocol JNLP4-connect encountered an unexpected exception
java.util.concurrent.ExecutionException: org.jenkinsci.remoting.protocol.impl.ConnectionRefusalException: local is already connected to this controller. Rejecting this connection.
	at org.jenkinsci.remoting.util.SettableFuture.get(SettableFuture.java:223)
	at hudson.remoting.Engine.innerRun(Engine.java:814)
	at hudson.remoting.Engine.run(Engine.java:543)
Caused by: org.jenkinsci.remoting.protocol.impl.ConnectionRefusalException: local is already connected to this controller. Rejecting this connection.
	at org.jenkinsci.remoting.protocol.impl.ConnectionHeadersFilterLayer.newAbortCause(ConnectionHeadersFilterLayer.java:380)
	at org.jenkinsci.remoting.protocol.impl.ConnectionHeadersFilterLayer.onRecvClosed(ConnectionHeadersFilterLayer.java:435)
	at org.jenkinsci.remoting.protocol.ProtocolStack$Ptr.onRecvClosed(ProtocolStack.java:825)
	at org.jenkinsci.remoting.protocol.FilterLayer.onRecvClosed(FilterLayer.java:289)
	at org.jenkinsci.remoting.protocol.impl.SSLEngineFilterLayer.onRecvClosed(SSLEngineFilterLayer.java:168)
	at org.jenkinsci.remoting.protocol.ProtocolStack$Ptr.onRecvClosed(ProtocolStack.java:825)
	at org.jenkinsci.remoting.protocol.NetworkLayer.onRecvClosed(NetworkLayer.java:155)
	at org.jenkinsci.remoting.protocol.impl.BIONetworkLayer.access$700(BIONetworkLayer.java:51)
	at org.jenkinsci.remoting.protocol.impl.BIONetworkLayer$Reader.run(BIONetworkLayer.java:257)
	at java.base/java.util.concurrent.ThreadPoolExecutor.runWorker(ThreadPoolExecutor.java:1128)
	at java.base/java.util.concurrent.ThreadPoolExecutor$Worker.run(ThreadPoolExecutor.java:628)
	at hudson.remoting.Engine$1.lambda$newThread$0(Engine.java:125)
	at java.base/java.lang.Thread.run(Thread.java:834)
	Suppressed: java.nio.channels.ClosedChannelException
		... 7 more

Jun 28, 2023 3:20:02 PM hudson.remoting.jnlp.Main$CuiListener status
INFO: reconnect rejected, sleeping 10s: 
java.lang.Exception: The server rejected the connection: None of the protocols were accepted
	at hudson.remoting.Engine.onConnectionRejected(Engine.java:893)
	at hudson.remoting.Engine.innerRun(Engine.java:840)
	at hudson.remoting.Engine.run(Engine.java:543)

Jun 28, 2023 3:20:12 PM hudson.remoting.jnlp.Main$CuiListener status
INFO: Locating server among [http://localhost:8080/]
Jun 28, 2023 3:20:12 PM org.jenkinsci.remoting.engine.JnlpAgentEndpointResolver resolve
INFO: Remoting server accepts the following protocols: [JNLP4-connect, Ping]
Jun 28, 2023 3:20:12 PM hudson.remoting.jnlp.Main$CuiListener status
INFO: Agent discovery successful
  Agent address: localhost
  Agent port:    50000
  Identity:      bd:bd:22:bb:b4:23:18:f0:8b:83:a3:39:2b:73:8d:46
Jun 28, 2023 3:20:12 PM hudson.remoting.jnlp.Main$CuiListener status
INFO: Handshaking
Jun 28, 2023 3:20:12 PM hudson.remoting.jnlp.Main$CuiListener status
INFO: Connecting to localhost:50000
Jun 28, 2023 3:20:12 PM hudson.remoting.jnlp.Main$CuiListener status
INFO: Trying protocol: JNLP4-connect
Jun 28, 2023 3:20:12 PM org.jenkinsci.remoting.protocol.impl.BIONetworkLayer$Reader run
INFO: Waiting for ProtocolStack to start.
Jun 28, 2023 3:20:12 PM hudson.remoting.jnlp.Main$CuiListener status
INFO: Remote identity confirmed: bd:bd:22:bb:b4:23:18:f0:8b:83:a3:39:2b:73:8d:46
Jun 28, 2023 3:20:12 PM org.jenkinsci.remoting.protocol.impl.ConnectionHeadersFilterLayer onRecv
INFO: [JNLP4-connect connection to localhost/127.0.0.1:50000] Local headers refused by remote: local is already connected to this controller. Rejecting this connection.
Jun 28, 2023 3:20:12 PM hudson.remoting.jnlp.Main$CuiListener status
INFO: Protocol JNLP4-connect encountered an unexpected exception
java.util.concurrent.ExecutionException: org.jenkinsci.remoting.protocol.impl.ConnectionRefusalException: local is already connected to this controller. Rejecting this connection.
	at org.jenkinsci.remoting.util.SettableFuture.get(SettableFuture.java:223)
	at hudson.remoting.Engine.innerRun(Engine.java:814)
	at hudson.remoting.Engine.run(Engine.java:543)
Caused by: org.jenkinsci.remoting.protocol.impl.ConnectionRefusalException: local is already connected to this controller. Rejecting this connection.
	at org.jenkinsci.remoting.protocol.impl.ConnectionHeadersFilterLayer.newAbortCause(ConnectionHeadersFilterLayer.java:380)
	at org.jenkinsci.remoting.protocol.impl.ConnectionHeadersFilterLayer.onRecvClosed(ConnectionHeadersFilterLayer.java:435)
	at org.jenkinsci.remoting.protocol.ProtocolStack$Ptr.onRecvClosed(ProtocolStack.java:825)
	at org.jenkinsci.remoting.protocol.FilterLayer.onRecvClosed(FilterLayer.java:289)
	at org.jenkinsci.remoting.protocol.impl.SSLEngineFilterLayer.onRecvClosed(SSLEngineFilterLayer.java:168)
	at org.jenkinsci.remoting.protocol.ProtocolStack$Ptr.onRecvClosed(ProtocolStack.java:825)
	at org.jenkinsci.remoting.protocol.NetworkLayer.onRecvClosed(NetworkLayer.java:155)
	at org.jenkinsci.remoting.protocol.impl.BIONetworkLayer.access$700(BIONetworkLayer.java:51)
	at org.jenkinsci.remoting.protocol.impl.BIONetworkLayer$Reader.run(BIONetworkLayer.java:257)
	at java.base/java.util.concurrent.ThreadPoolExecutor.runWorker(ThreadPoolExecutor.java:1128)
	at java.base/java.util.concurrent.ThreadPoolExecutor$Worker.run(ThreadPoolExecutor.java:628)
	at hudson.remoting.Engine$1.lambda$newThread$0(Engine.java:125)
	at java.base/java.lang.Thread.run(Thread.java:834)
	Suppressed: java.nio.channels.ClosedChannelException
		... 7 more

Jun 28, 2023 3:20:12 PM hudson.remoting.jnlp.Main$CuiListener status
INFO: reconnect rejected, sleeping 10s: 
java.lang.Exception: The server rejected the connection: None of the protocols were accepted
	at hudson.remoting.Engine.onConnectionRejected(Engine.java:893)
	at hudson.remoting.Engine.innerRun(Engine.java:840)
	at hudson.remoting.Engine.run(Engine.java:543)

Jun 28, 2023 3:20:22 PM hudson.remoting.jnlp.Main$CuiListener status
INFO: Locating server among [http://localhost:8080/]
Jun 28, 2023 3:20:22 PM org.jenkinsci.remoting.engine.JnlpAgentEndpointResolver resolve
INFO: Remoting server accepts the following protocols: [JNLP4-connect, Ping]
Jun 28, 2023 3:20:22 PM hudson.remoting.jnlp.Main$CuiListener status
INFO: Agent discovery successful
  Agent address: localhost
  Agent port:    50000
  Identity:      bd:bd:22:bb:b4:23:18:f0:8b:83:a3:39:2b:73:8d:46
Jun 28, 2023 3:20:22 PM hudson.remoting.jnlp.Main$CuiListener status
INFO: Handshaking
Jun 28, 2023 3:20:22 PM hudson.remoting.jnlp.Main$CuiListener status
INFO: Connecting to localhost:50000
Jun 28, 2023 3:20:22 PM hudson.remoting.jnlp.Main$CuiListener status
INFO: Trying protocol: JNLP4-connect
Jun 28, 2023 3:20:22 PM org.jenkinsci.remoting.protocol.impl.BIONetworkLayer$Reader run
INFO: Waiting for ProtocolStack to start.
Jun 28, 2023 3:20:22 PM hudson.remoting.jnlp.Main$CuiListener status
INFO: Remote identity confirmed: bd:bd:22:bb:b4:23:18:f0:8b:83:a3:39:2b:73:8d:46
Jun 28, 2023 3:20:22 PM hudson.remoting.jnlp.Main$CuiListener status
INFO: Connected
